<?xml version="1.0" encoding="UTF-8"?>
<testsuite xmlns:xsi="http://www.w3.org/2001/XMLSchema-instance" xsi:noNamespaceSchemaLocation="https://maven.apache.org/surefire/maven-surefire-plugin/xsd/surefire-test-report.xsd" name="priv.ljh.MedicalSystemApplicationTests" time="15.347" tests="2" errors="0" skipped="0" failures="0">
  <properties>
[...]
</properties>
  <testcase name="uniapp" classname="priv.ljh.MedicalSystemApplicationTests" time="1.489"/>
  <testcase name="test" classname="priv.ljh.MedicalSystemApplicationTests" time="0.643"/>
</testsuite>